
[FAKE NEIGHBOR SOLICITATION]
	Time   :	2012-08-25 11:32:41
	From   :	40:3c:fc:2a:67:19	(Apple, Inc.)
	To     :	33:33:ff:01:00:05	(Unknow)
	Desc   :	parasite6

[FAKE NEIGHBOR SOLICITATION]
	Time   :	2012-08-25 11:32:43
	From   :	40:3c:fc:2a:67:19	(Apple, Inc.)
	To     :	33:33:ff:00:00:01	(Unknow)
	Desc   :	parasite6

[FAKE NEIGHBOR SOLICITATION]
	Time   :	2012-08-25 11:32:44
	From   :	40:3c:fc:2a:67:19	(Apple, Inc.)
	To     :	33:33:ff:00:00:02	(Unknow)
	Desc   :	parasite6

[FAKE NEIGHBOR SOLICITATION]
	Time   :	2012-08-25 11:32:46
	From   :	00:26:08:78:87:d3	(Apple, Inc)
	To     :	33:33:ff:00:00:07	(Unknow)
	Desc   :	parasite6

[FAKE NEIGHBOR SOLICITATION]
	Time   :	2012-08-25 11:32:51
	From   :	00:26:08:78:87:d3	(Apple, Inc)
	To     :	33:33:ff:05:00:03	(Unknow)
	Desc   :	parasite6

[FAKE NEIGHBOR SOLICITATION]
	Time   :	2012-08-25 11:32:56
	From   :	00:26:08:78:87:d3	(Apple, Inc)
	To     :	33:33:ff:01:00:03	(Unknow)
	Desc   :	parasite6

[FAKE NEIGHBOR SOLICITATION]
	Time   :	2012-08-25 11:32:57
	From   :	40:3c:fc:2a:67:19	(Apple, Inc.)
	To     :	33:33:ff:01:00:05	(Unknow)
	Desc   :	parasite6

[FAKE NEIGHBOR SOLICITATION]
	Time   :	2012-08-25 11:32:59
	From   :	00:26:08:78:87:d3	(Apple, Inc)
	To     :	33:33:ff:02:00:03	(Unknow)
	Desc   :	parasite6

[FAKE NEIGHBOR SOLICITATION]
	Time   :	2012-08-25 11:33:01
	From   :	00:26:08:78:87:d3	(Apple, Inc)
	To     :	33:33:ff:05:00:05	(Unknow)
	Desc   :	parasite6

[FAKE NEIGHBOR SOLICITATION]
	Time   :	2012-08-25 11:33:09
	From   :	40:3c:fc:2a:67:19	(Apple, Inc.)
	To     :	33:33:ff:02:00:09	(Unknow)
	Desc   :	parasite6

[FAKE NEIGHBOR SOLICITATION]
	Time   :	2012-08-25 11:33:10
	From   :	40:3c:fc:2a:67:19	(Apple, Inc.)
	To     :	33:33:ff:00:00:03	(Unknow)
	Desc   :	parasite6

[FAKE NEIGHBOR SOLICITATION]
	Time   :	2012-08-25 11:33:11
	From   :	40:3c:fc:2a:67:19	(Apple, Inc.)
	To     :	33:33:ff:05:00:08	(Unknow)
	Desc   :	parasite6

[FAKE NEIGHBOR SOLICITATION]
	Time   :	2012-08-25 11:33:12
	From   :	00:26:08:78:87:d3	(Apple, Inc)
	To     :	33:33:ff:03:00:05	(Unknow)
	Desc   :	parasite6
